<?xml version="1.0" encoding="UTF-8"?>
<testsuite xmlns:xsi="http://www.w3.org/2001/XMLSchema-instance" xsi:noNamespaceSchemaLocation="https://maven.apache.org/surefire/maven-surefire-plugin/xsd/surefire-test-report.xsd" version="3.0.2" name="buffer.MainTest" time="0.022" tests="6" errors="0" skipped="0" failures="0">
  <properties>
[...]
</properties>
  <testcase name="testLoadKeywordsInvalidPath" classname="buffer.MainTest" time="0.005">
    <system-out><![CDATA[âš  Error reading keywords: invalid_path.csv (The system cannot find the file specified)
]]></system-out>
  </testcase>
  <testcase name="testFilterByYearLogic" classname="buffer.MainTest" time="0.0"/>
  <testcase name="testFilterByAuthorLogic" classname="buffer.MainTest" time="0.0"/>
  <testcase name="testLoadKeywordsFromCSV" classname="buffer.MainTest" time="0.012"/>
  <testcase name="testAppendKeywordToCSV" classname="buffer.MainTest" time="0.001"/>
  <testcase name="testLoadKeywordsEmptyFile" classname="buffer.MainTest" time="0.0"/>
</testsuite>